12-Oct-2017 20:45:18.525 信息 [main] org.apache.catalina.startup.VersionLoggerListener.log Server version:        Apache Tomcat/9.0.0.M26
12-Oct-2017 20:45:18.530 信息 [main] org.apache.catalina.startup.VersionLoggerListener.log Server built:          Aug 2 2017 20:29:05 UTC
12-Oct-2017 20:45:18.530 信息 [main] org.apache.catalina.startup.VersionLoggerListener.log Server number:         9.0.0.0
12-Oct-2017 20:45:18.530 信息 [main] org.apache.catalina.startup.VersionLoggerListener.log OS Name:               Mac OS X
12-Oct-2017 20:45:18.531 信息 [main] org.apache.catalina.startup.VersionLoggerListener.log OS Version:            10.12.6
12-Oct-2017 20:45:18.531 信息 [main] org.apache.catalina.startup.VersionLoggerListener.log Architecture:          x86_64
12-Oct-2017 20:45:18.531 信息 [main] org.apache.catalina.startup.VersionLoggerListener.log Java Home:             /Library/Java/JavaVirtualMachines/jdk1.8.0_131.jdk/Contents/Home/jre
12-Oct-2017 20:45:18.531 信息 [main] org.apache.catalina.startup.VersionLoggerListener.log JVM Version:           1.8.0_131-b11
12-Oct-2017 20:45:18.531 信息 [main] org.apache.catalina.startup.VersionLoggerListener.log JVM Vendor:            Oracle Corporation
12-Oct-2017 20:45:18.531 信息 [main] org.apache.catalina.startup.VersionLoggerListener.log CATALINA_BASE:         /Users/amazing/Documents/workspace/JAVAEE/apache-tomcat-9.0.0.M26
12-Oct-2017 20:45:18.532 信息 [main] org.apache.catalina.startup.VersionLoggerListener.log CATALINA_HOME:         /Users/amazing/Documents/workspace/JAVAEE/apache-tomcat-9.0.0.M26
12-Oct-2017 20:45:18.532 信息 [main] org.apache.catalina.startup.VersionLoggerListener.log Command line argument: -Djava.util.logging.config.file=/Users/amazing/Documents/workspace/JAVAEE/apache-tomcat-9.0.0.M26/conf/logging.properties
12-Oct-2017 20:45:18.532 信息 [main] org.apache.catalina.startup.VersionLoggerListener.log Command line argument: -Djava.util.logging.manager=org.apache.juli.ClassLoaderLogManager
12-Oct-2017 20:45:18.533 信息 [main] org.apache.catalina.startup.VersionLoggerListener.log Command line argument: -Djdk.tls.ephemeralDHKeySize=2048
12-Oct-2017 20:45:18.533 信息 [main] org.apache.catalina.startup.VersionLoggerListener.log Command line argument: -Djava.protocol.handler.pkgs=org.apache.catalina.webresources
12-Oct-2017 20:45:18.533 信息 [main] org.apache.catalina.startup.VersionLoggerListener.log Command line argument: -Dcatalina.base=/Users/amazing/Documents/workspace/JAVAEE/apache-tomcat-9.0.0.M26
12-Oct-2017 20:45:18.533 信息 [main] org.apache.catalina.startup.VersionLoggerListener.log Command line argument: -Dcatalina.home=/Users/amazing/Documents/workspace/JAVAEE/apache-tomcat-9.0.0.M26
12-Oct-2017 20:45:18.533 信息 [main] org.apache.catalina.startup.VersionLoggerListener.log Command line argument: -Djava.io.tmpdir=/Users/amazing/Documents/workspace/JAVAEE/apache-tomcat-9.0.0.M26/temp
12-Oct-2017 20:45:18.533 信息 [main] org.apache.catalina.core.AprLifecycleListener.lifecycleEvent The APR based Apache Tomcat Native library which allows optimal performance in production environments was not found on the java.library.path: [/Users/amazing/Library/Java/Extensions:/Library/Java/Extensions:/Network/Library/Java/Extensions:/System/Library/Java/Extensions:/usr/lib/java:.]
12-Oct-2017 20:45:18.651 信息 [main] org.apache.coyote.AbstractProtocol.init Initializing ProtocolHandler ["http-nio-8080"]
12-Oct-2017 20:45:18.667 严重 [main] org.apache.catalina.util.LifecycleBase.handleSubClassException Failed to initialize component [Connector[HTTP/1.1-8080]]
 org.apache.catalina.LifecycleException: Protocol handler initialization failed
	at org.apache.catalina.connector.Connector.initInternal(Connector.java:935)
	at org.apache.catalina.util.LifecycleBase.init(LifecycleBase.java:136)
	at org.apache.catalina.core.StandardService.initInternal(StandardService.java:530)
	at org.apache.catalina.util.LifecycleBase.init(LifecycleBase.java:136)
	at org.apache.catalina.core.StandardServer.initInternal(StandardServer.java:852)
	at org.apache.catalina.util.LifecycleBase.init(LifecycleBase.java:136)
	at org.apache.catalina.startup.Catalina.load(Catalina.java:608)
	at org.apache.catalina.startup.Catalina.load(Catalina.java:631)
	at sun.reflect.NativeMethodAccessorImpl.invoke0(Native Method)
	at sun.reflect.NativeMethodAccessorImpl.invoke(NativeMethodAccessorImpl.java:62)
	at sun.reflect.DelegatingMethodAccessorImpl.invoke(DelegatingMethodAccessorImpl.java:43)
	at java.lang.reflect.Method.invoke(Method.java:498)
	at org.apache.catalina.startup.Bootstrap.load(Bootstrap.java:311)
	at org.apache.catalina.startup.Bootstrap.main(Bootstrap.java:494)
Caused by: java.net.BindException: Address already in use
	at sun.nio.ch.Net.bind0(Native Method)
	at sun.nio.ch.Net.bind(Net.java:433)
	at sun.nio.ch.Net.bind(Net.java:425)
	at sun.nio.ch.ServerSocketChannelImpl.bind(ServerSocketChannelImpl.java:223)
	at sun.nio.ch.ServerSocketAdaptor.bind(ServerSocketAdaptor.java:74)
	at org.apache.tomcat.util.net.NioEndpoint.initServerSocket(NioEndpoint.java:227)
	at org.apache.tomcat.util.net.NioEndpoint.bind(NioEndpoint.java:202)
	at org.apache.tomcat.util.net.AbstractEndpoint.init(AbstractEndpoint.java:950)
	at org.apache.coyote.AbstractProtocol.init(AbstractProtocol.java:573)
	at org.apache.coyote.http11.AbstractHttp11Protocol.init(AbstractHttp11Protocol.java:70)
	at org.apache.catalina.connector.Connector.initInternal(Connector.java:932)
	... 13 more

12-Oct-2017 20:45:18.668 信息 [main] org.apache.coyote.AbstractProtocol.init Initializing ProtocolHandler ["ajp-nio-8009"]
12-Oct-2017 20:45:18.669 严重 [main] org.apache.catalina.util.LifecycleBase.handleSubClassException Failed to initialize component [Connector[AJP/1.3-8009]]
 org.apache.catalina.LifecycleException: Protocol handler initialization failed
	at org.apache.catalina.connector.Connector.initInternal(Connector.java:935)
	at org.apache.catalina.util.LifecycleBase.init(LifecycleBase.java:136)
	at org.apache.catalina.core.StandardService.initInternal(StandardService.java:530)
	at org.apache.catalina.util.LifecycleBase.init(LifecycleBase.java:136)
	at org.apache.catalina.core.StandardServer.initInternal(StandardServer.java:852)
	at org.apache.catalina.util.LifecycleBase.init(LifecycleBase.java:136)
	at org.apache.catalina.startup.Catalina.load(Catalina.java:608)
	at org.apache.catalina.startup.Catalina.load(Catalina.java:631)
	at sun.reflect.NativeMethodAccessorImpl.invoke0(Native Method)
	at sun.reflect.NativeMethodAccessorImpl.invoke(NativeMethodAccessorImpl.java:62)
	at sun.reflect.DelegatingMethodAccessorImpl.invoke(DelegatingMethodAccessorImpl.java:43)
	at java.lang.reflect.Method.invoke(Method.java:498)
	at org.apache.catalina.startup.Bootstrap.load(Bootstrap.java:311)
	at org.apache.catalina.startup.Bootstrap.main(Bootstrap.java:494)
Caused by: java.net.BindException: Address already in use
	at sun.nio.ch.Net.bind0(Native Method)
	at sun.nio.ch.Net.bind(Net.java:433)
	at sun.nio.ch.Net.bind(Net.java:425)
	at sun.nio.ch.ServerSocketChannelImpl.bind(ServerSocketChannelImpl.java:223)
	at sun.nio.ch.ServerSocketAdaptor.bind(ServerSocketAdaptor.java:74)
	at org.apache.tomcat.util.net.NioEndpoint.initServerSocket(NioEndpoint.java:227)
	at org.apache.tomcat.util.net.NioEndpoint.bind(NioEndpoint.java:202)
	at org.apache.tomcat.util.net.AbstractEndpoint.init(AbstractEndpoint.java:950)
	at org.apache.coyote.AbstractProtocol.init(AbstractProtocol.java:573)
	at org.apache.catalina.connector.Connector.initInternal(Connector.java:932)
	... 13 more

12-Oct-2017 20:45:18.669 信息 [main] org.apache.catalina.startup.Catalina.load Initialization processed in 504 ms
12-Oct-2017 20:45:18.693 信息 [main] org.apache.catalina.core.StandardService.startInternal Starting service [Catalina]
12-Oct-2017 20:45:18.694 信息 [main] org.apache.catalina.core.StandardEngine.startInternal Starting Servlet Engine: Apache Tomcat/9.0.0.M26
12-Oct-2017 20:45:18.700 信息 [main] org.apache.catalina.startup.HostConfig.deployDirectory Deploying web application directory [/Users/amazing/Documents/workspace/JAVAEE/apache-tomcat-9.0.0.M26/webapps/docs]
12-Oct-2017 20:45:18.968 信息 [main] org.apache.catalina.startup.HostConfig.deployDirectory Deployment of web application directory [/Users/amazing/Documents/workspace/JAVAEE/apache-tomcat-9.0.0.M26/webapps/docs] has finished in [267] ms
12-Oct-2017 20:45:18.968 信息 [main] org.apache.catalina.startup.HostConfig.deployDirectory Deploying web application directory [/Users/amazing/Documents/workspace/JAVAEE/apache-tomcat-9.0.0.M26/webapps/examples]
12-Oct-2017 20:45:19.238 信息 [main] org.apache.catalina.startup.HostConfig.deployDirectory Deployment of web application directory [/Users/amazing/Documents/workspace/JAVAEE/apache-tomcat-9.0.0.M26/webapps/examples] has finished in [270] ms
12-Oct-2017 20:45:19.238 信息 [main] org.apache.catalina.startup.HostConfig.deployDirectory Deploying web application directory [/Users/amazing/Documents/workspace/JAVAEE/apache-tomcat-9.0.0.M26/webapps/host-manager]
12-Oct-2017 20:45:19.264 信息 [main] org.apache.catalina.startup.HostConfig.deployDirectory Deployment of web application directory [/Users/amazing/Documents/workspace/JAVAEE/apache-tomcat-9.0.0.M26/webapps/host-manager] has finished in [26] ms
12-Oct-2017 20:45:19.264 信息 [main] org.apache.catalina.startup.HostConfig.deployDirectory Deploying web application directory [/Users/amazing/Documents/workspace/JAVAEE/apache-tomcat-9.0.0.M26/webapps/manager]
12-Oct-2017 20:45:19.284 信息 [main] org.apache.catalina.startup.HostConfig.deployDirectory Deployment of web application directory [/Users/amazing/Documents/workspace/JAVAEE/apache-tomcat-9.0.0.M26/webapps/manager] has finished in [20] ms
12-Oct-2017 20:45:19.285 信息 [main] org.apache.catalina.startup.HostConfig.deployDirectory Deploying web application directory [/Users/amazing/Documents/workspace/JAVAEE/apache-tomcat-9.0.0.M26/webapps/ROOT]
12-Oct-2017 20:45:19.300 信息 [main] org.apache.catalina.startup.HostConfig.deployDirectory Deployment of web application directory [/Users/amazing/Documents/workspace/JAVAEE/apache-tomcat-9.0.0.M26/webapps/ROOT] has finished in [16] ms
12-Oct-2017 20:45:19.303 信息 [main] org.apache.catalina.startup.Catalina.start Server startup in 633 ms
12-Oct-2017 20:45:19.308 严重 [main] org.apache.catalina.core.StandardServer.await StandardServer.await: create[localhost:8005]: 
 java.net.BindException: Address already in use (Bind failed)
	at java.net.PlainSocketImpl.socketBind(Native Method)
	at java.net.AbstractPlainSocketImpl.bind(AbstractPlainSocketImpl.java:387)
	at java.net.ServerSocket.bind(ServerSocket.java:375)
	at java.net.ServerSocket.<init>(ServerSocket.java:237)
	at org.apache.catalina.core.StandardServer.await(StandardServer.java:422)
	at org.apache.catalina.startup.Catalina.await(Catalina.java:745)
	at org.apache.catalina.startup.Catalina.start(Catalina.java:691)
	at sun.reflect.NativeMethodAccessorImpl.invoke0(Native Method)
	at sun.reflect.NativeMethodAccessorImpl.invoke(NativeMethodAccessorImpl.java:62)
	at sun.reflect.DelegatingMethodAccessorImpl.invoke(DelegatingMethodAccessorImpl.java:43)
	at java.lang.reflect.Method.invoke(Method.java:498)
	at org.apache.catalina.startup.Bootstrap.start(Bootstrap.java:355)
	at org.apache.catalina.startup.Bootstrap.main(Bootstrap.java:495)

12-Oct-2017 20:45:19.308 信息 [main] org.apache.coyote.AbstractProtocol.pause Pausing ProtocolHandler ["http-nio-8080"]
12-Oct-2017 20:45:19.308 信息 [main] org.apache.coyote.AbstractProtocol.pause Pausing ProtocolHandler ["ajp-nio-8009"]
12-Oct-2017 20:45:19.309 信息 [main] org.apache.catalina.core.StandardService.stopInternal Stopping service [Catalina]
12-Oct-2017 20:45:19.330 信息 [main] org.apache.coyote.AbstractProtocol.stop Stopping ProtocolHandler ["http-nio-8080"]
12-Oct-2017 20:45:19.331 信息 [main] org.apache.coyote.AbstractProtocol.destroy Destroying ProtocolHandler ["http-nio-8080"]
12-Oct-2017 20:45:19.331 信息 [main] org.apache.coyote.AbstractProtocol.stop Stopping ProtocolHandler ["ajp-nio-8009"]
12-Oct-2017 20:45:19.331 信息 [main] org.apache.coyote.AbstractProtocol.destroy Destroying ProtocolHandler ["ajp-nio-8009"]
