24-Oct-2017 20:09:34.551 信息 [main] org.apache.catalina.startup.VersionLoggerListener.log Server version:        Apache Tomcat/9.0.0.M26
24-Oct-2017 20:09:34.556 信息 [main] org.apache.catalina.startup.VersionLoggerListener.log Server built:          Aug 2 2017 20:29:05 UTC
24-Oct-2017 20:09:34.556 信息 [main] org.apache.catalina.startup.VersionLoggerListener.log Server number:         9.0.0.0
24-Oct-2017 20:09:34.556 信息 [main] org.apache.catalina.startup.VersionLoggerListener.log OS Name:               Mac OS X
24-Oct-2017 20:09:34.556 信息 [main] org.apache.catalina.startup.VersionLoggerListener.log OS Version:            10.12.6
24-Oct-2017 20:09:34.556 信息 [main] org.apache.catalina.startup.VersionLoggerListener.log Architecture:          x86_64
24-Oct-2017 20:09:34.557 信息 [main] org.apache.catalina.startup.VersionLoggerListener.log Java Home:             /Library/Java/JavaVirtualMachines/jdk1.8.0_131.jdk/Contents/Home/jre
24-Oct-2017 20:09:34.557 信息 [main] org.apache.catalina.startup.VersionLoggerListener.log JVM Version:           1.8.0_131-b11
24-Oct-2017 20:09:34.557 信息 [main] org.apache.catalina.startup.VersionLoggerListener.log JVM Vendor:            Oracle Corporation
24-Oct-2017 20:09:34.557 信息 [main] org.apache.catalina.startup.VersionLoggerListener.log CATALINA_BASE:         /Users/amazing/Documents/workspace/JAVAEE/apache-tomcat-9.0.0.M26
24-Oct-2017 20:09:34.557 信息 [main] org.apache.catalina.startup.VersionLoggerListener.log CATALINA_HOME:         /Users/amazing/Documents/workspace/JAVAEE/apache-tomcat-9.0.0.M26
24-Oct-2017 20:09:34.558 信息 [main] org.apache.catalina.startup.VersionLoggerListener.log Command line argument: -Djava.util.logging.config.file=/Users/amazing/Documents/workspace/JAVAEE/apache-tomcat-9.0.0.M26/conf/logging.properties
24-Oct-2017 20:09:34.558 信息 [main] org.apache.catalina.startup.VersionLoggerListener.log Command line argument: -Djava.util.logging.manager=org.apache.juli.ClassLoaderLogManager
24-Oct-2017 20:09:34.558 信息 [main] org.apache.catalina.startup.VersionLoggerListener.log Command line argument: -Djdk.tls.ephemeralDHKeySize=2048
24-Oct-2017 20:09:34.558 信息 [main] org.apache.catalina.startup.VersionLoggerListener.log Command line argument: -Djava.protocol.handler.pkgs=org.apache.catalina.webresources
24-Oct-2017 20:09:34.558 信息 [main] org.apache.catalina.startup.VersionLoggerListener.log Command line argument: -Dcatalina.base=/Users/amazing/Documents/workspace/JAVAEE/apache-tomcat-9.0.0.M26
24-Oct-2017 20:09:34.558 信息 [main] org.apache.catalina.startup.VersionLoggerListener.log Command line argument: -Dcatalina.home=/Users/amazing/Documents/workspace/JAVAEE/apache-tomcat-9.0.0.M26
24-Oct-2017 20:09:34.558 信息 [main] org.apache.catalina.startup.VersionLoggerListener.log Command line argument: -Djava.io.tmpdir=/Users/amazing/Documents/workspace/JAVAEE/apache-tomcat-9.0.0.M26/temp
24-Oct-2017 20:09:34.558 信息 [main] org.apache.catalina.core.AprLifecycleListener.lifecycleEvent The APR based Apache Tomcat Native library which allows optimal performance in production environments was not found on the java.library.path: [/Users/amazing/Library/Java/Extensions:/Library/Java/Extensions:/Network/Library/Java/Extensions:/System/Library/Java/Extensions:/usr/lib/java:.]
24-Oct-2017 20:09:34.673 信息 [main] org.apache.coyote.AbstractProtocol.init Initializing ProtocolHandler ["http-nio-8080"]
24-Oct-2017 20:09:34.692 信息 [main] org.apache.tomcat.util.net.NioSelectorPool.getSharedSelector Using a shared selector for servlet write/read
24-Oct-2017 20:09:34.694 信息 [main] org.apache.coyote.AbstractProtocol.init Initializing ProtocolHandler ["ajp-nio-8009"]
24-Oct-2017 20:09:34.694 信息 [main] org.apache.tomcat.util.net.NioSelectorPool.getSharedSelector Using a shared selector for servlet write/read
24-Oct-2017 20:09:34.695 信息 [main] org.apache.catalina.startup.Catalina.load Initialization processed in 494 ms
24-Oct-2017 20:09:34.720 信息 [main] org.apache.catalina.core.StandardService.startInternal Starting service [Catalina]
24-Oct-2017 20:09:34.720 信息 [main] org.apache.catalina.core.StandardEngine.startInternal Starting Servlet Engine: Apache Tomcat/9.0.0.M26
24-Oct-2017 20:09:34.726 信息 [main] org.apache.catalina.startup.HostConfig.deployDirectory Deploying web application directory [/Users/amazing/Documents/workspace/JAVAEE/apache-tomcat-9.0.0.M26/webapps/docs]
24-Oct-2017 20:09:34.996 信息 [main] org.apache.catalina.startup.HostConfig.deployDirectory Deployment of web application directory [/Users/amazing/Documents/workspace/JAVAEE/apache-tomcat-9.0.0.M26/webapps/docs] has finished in [269] ms
24-Oct-2017 20:09:34.996 信息 [main] org.apache.catalina.startup.HostConfig.deployDirectory Deploying web application directory [/Users/amazing/Documents/workspace/JAVAEE/apache-tomcat-9.0.0.M26/webapps/examples]
24-Oct-2017 20:09:35.270 信息 [main] org.apache.catalina.startup.HostConfig.deployDirectory Deployment of web application directory [/Users/amazing/Documents/workspace/JAVAEE/apache-tomcat-9.0.0.M26/webapps/examples] has finished in [274] ms
24-Oct-2017 20:09:35.271 信息 [main] org.apache.catalina.startup.HostConfig.deployDirectory Deploying web application directory [/Users/amazing/Documents/workspace/JAVAEE/apache-tomcat-9.0.0.M26/webapps/host-manager]
24-Oct-2017 20:09:35.299 信息 [main] org.apache.catalina.startup.HostConfig.deployDirectory Deployment of web application directory [/Users/amazing/Documents/workspace/JAVAEE/apache-tomcat-9.0.0.M26/webapps/host-manager] has finished in [27] ms
24-Oct-2017 20:09:35.299 信息 [main] org.apache.catalina.startup.HostConfig.deployDirectory Deploying web application directory [/Users/amazing/Documents/workspace/JAVAEE/apache-tomcat-9.0.0.M26/webapps/manager]
24-Oct-2017 20:09:35.317 信息 [main] org.apache.catalina.startup.HostConfig.deployDirectory Deployment of web application directory [/Users/amazing/Documents/workspace/JAVAEE/apache-tomcat-9.0.0.M26/webapps/manager] has finished in [18] ms
24-Oct-2017 20:09:35.318 信息 [main] org.apache.catalina.startup.HostConfig.deployDirectory Deploying web application directory [/Users/amazing/Documents/workspace/JAVAEE/apache-tomcat-9.0.0.M26/webapps/ROOT]
24-Oct-2017 20:09:35.335 信息 [main] org.apache.catalina.startup.HostConfig.deployDirectory Deployment of web application directory [/Users/amazing/Documents/workspace/JAVAEE/apache-tomcat-9.0.0.M26/webapps/ROOT] has finished in [17] ms
24-Oct-2017 20:09:35.337 信息 [main] org.apache.coyote.AbstractProtocol.start Starting ProtocolHandler ["http-nio-8080"]
24-Oct-2017 20:09:35.346 信息 [main] org.apache.coyote.AbstractProtocol.start Starting ProtocolHandler ["ajp-nio-8009"]
24-Oct-2017 20:09:35.348 信息 [main] org.apache.catalina.startup.Catalina.start Server startup in 652 ms
24-Oct-2017 20:09:40.805 信息 [main] org.apache.catalina.core.StandardServer.await A valid shutdown command was received via the shutdown port. Stopping the Server instance.
24-Oct-2017 20:09:40.806 信息 [main] org.apache.coyote.AbstractProtocol.pause Pausing ProtocolHandler ["http-nio-8080"]
24-Oct-2017 20:09:40.863 信息 [main] org.apache.coyote.AbstractProtocol.pause Pausing ProtocolHandler ["ajp-nio-8009"]
24-Oct-2017 20:09:40.916 信息 [main] org.apache.catalina.core.StandardService.stopInternal Stopping service [Catalina]
24-Oct-2017 20:09:40.943 信息 [main] org.apache.coyote.AbstractProtocol.stop Stopping ProtocolHandler ["http-nio-8080"]
24-Oct-2017 20:09:40.949 信息 [main] org.apache.coyote.AbstractProtocol.stop Stopping ProtocolHandler ["ajp-nio-8009"]
24-Oct-2017 20:09:40.951 信息 [main] org.apache.coyote.AbstractProtocol.destroy Destroying ProtocolHandler ["http-nio-8080"]
24-Oct-2017 20:09:40.952 信息 [main] org.apache.coyote.AbstractProtocol.destroy Destroying ProtocolHandler ["ajp-nio-8009"]
